<?xml version="1.0" encoding="UTF-8"?>
<!-- Generated by org.testng.reporters.JUnitReportReporter -->
<testsuite hostname="DESKTOP-589VK83" failures="0" tests="4" name="Httpsauton.HTTPrequest" time="6.758" errors="0" timestamp="2023-07-16T14:25:47 IST" skipped="0">
  <testcase classname="Httpsauton.HTTPrequest" name="getUsers" time="4.233"/>
  <testcase classname="Httpsauton.HTTPrequest" name="createUser" time="1.107"/>
  <testcase classname="Httpsauton.HTTPrequest" name="updateUser" time="0.770"/>
  <testcase classname="Httpsauton.HTTPrequest" name="deleteUser" time="0.648"/>
</testsuite> <!-- Httpsauton.HTTPrequest -->
