<?xml version="1.0" encoding="UTF-8"?>
<!-- Generated by org.testng.reporters.JUnitReportReporter -->
<testsuite hostname="DESKTOP-589VK83" failures="0" tests="1" name="PathQueryParameters.LoggingDemo" time="1.892" errors="0" timestamp="2023-07-17T12:43:44 IST" skipped="0">
  <testcase classname="PathQueryParameters.LoggingDemo" name="testLogs" time="1.892"/>
</testsuite> <!-- PathQueryParameters.LoggingDemo -->
