<?xml version="1.0" encoding="UTF-8"?>
<!-- Generated by org.testng.reporters.JUnitReportReporter -->
<testsuite hostname="DESKTOP-589VK83" failures="0" tests="2" name="Postrequest.DifferentPostRequest" time="4.278" errors="0" timestamp="2023-07-17T10:20:30 IST" skipped="0">
  <testcase classname="Postrequest.DifferentPostRequest" name="testPostusingExternalJsonFile" time="3.759"/>
  <testcase classname="Postrequest.DifferentPostRequest" name="deleted" time="0.519"/>
</testsuite> <!-- Postrequest.DifferentPostRequest -->
