<?xml version="1.0" encoding="UTF-8"?>
<!-- Generated by org.testng.reporters.JUnitReportReporter -->
<testsuite hostname="DESKTOP-589VK83" failures="0" tests="1" name="PathQueryParameters.PathAndQueryParameters" time="2.785" errors="0" timestamp="2023-07-17T10:43:58 IST" skipped="0">
  <testcase classname="PathQueryParameters.PathAndQueryParameters" name="testQueryAndPathParameters" time="2.785"/>
</testsuite> <!-- PathQueryParameters.PathAndQueryParameters -->
