<?xml version="1.0" encoding="UTF-8"?>
<!-- Generated by org.testng.reporters.JUnitReportReporter -->
<testsuite hostname="DESKTOP-589VK83" failures="0" tests="2" name="AdminPortal.Admin" time="5.622" errors="0" timestamp="2023-07-20T17:15:51 IST" skipped="0">
  <testcase classname="AdminPortal.Admin" name="createCustomer" time="3.821"/>
  <testcase classname="AdminPortal.Admin" name="addKey" time="1.801"/>
</testsuite> <!-- AdminPortal.Admin -->
