<?xml version="1.0" encoding="UTF-8"?>
<!-- Generated by org.testng.reporters.JUnitReportReporter -->
<testsuite hostname="DESKTOP-589VK83" failures="0" tests="2" name="ParsingJSONResponse4.ParsingJsonresponseData" time="3.281" errors="0" timestamp="2023-07-17T16:07:55 IST" skipped="0">
  <testcase classname="ParsingJSONResponse4.ParsingJsonresponseData" name="testentireResponse" time="0.989"/>
  <testcase classname="ParsingJSONResponse4.ParsingJsonresponseData" name="diffTestResponse" time="2.292"/>
</testsuite> <!-- ParsingJSONResponse4.ParsingJsonresponseData -->
