<?xml version="1.0" encoding="UTF-8"?>
<!-- Generated by org.testng.reporters.JUnitReportReporter -->
<testsuite hostname="DESKTOP-589VK83" failures="0" tests="1" name="ParsingJSONResponse.ParsingJsonresponseData" time="2.212" errors="0" timestamp="2023-07-17T13:47:04 IST" skipped="0">
  <testcase classname="ParsingJSONResponse.ParsingJsonresponseData" name="testentireResponse" time="2.212"/>
</testsuite> <!-- ParsingJSONResponse.ParsingJsonresponseData -->
