<?xml version="1.0" encoding="UTF-8"?>
<!-- Generated by org.testng.reporters.JUnitReportReporter -->
<testsuite hostname="DESKTOP-589VK83" failures="0" tests="2" name="PathQueryParameters.HeadersDemo" time="5.119" errors="0" timestamp="2023-07-17T12:35:03 IST" skipped="0">
  <testcase classname="PathQueryParameters.HeadersDemo" name="testHeaders" time="4.094"/>
  <testcase classname="PathQueryParameters.HeadersDemo" name="getHeaders" time="1.025"/>
</testsuite> <!-- PathQueryParameters.HeadersDemo -->
