<?xml version="1.0" encoding="UTF-8"?>
<!-- Generated by org.testng.reporters.JUnitReportReporter -->
<testsuite hostname="DESKTOP-589VK83" failures="0" tests="1" name="Authentications.FakerDataGenerator" time="0.506" errors="0" timestamp="2023-07-20T16:17:29 IST" skipped="0">
  <testcase classname="Authentications.FakerDataGenerator" name="testGenerateDummyData" time="0.506"/>
</testsuite> <!-- Authentications.FakerDataGenerator -->
